Build started 1/19/2015 3:11:48 PM.
     1>Project "C:\Users\matti\Documents\Visual Studio 2013\c++\KolokwiumCep\KolokwiumCep\KolokwiumCep.vcxproj" on node 2 (Build target(s)).
     1>ClCompile:
         C:\Program Files (x86)\Microsoft Visual Studio 12.0\VC\bin\CL.exe /c /ZI /nologo /W3 /WX- /sdl /Od /Oy- /D _MBCS /Gm /EHsc /RTC1 /MDd /GS /fp:precise /Zc:wchar_t /Zc:forScope /Fo"Debug\\" /Fd"Debug\vc120.pdb" /Gd /TP /analyze- /errorReport:prompt A.cpp B.cpp Samochod.cpp Source.cpp
         Source.cpp
         Samochod.cpp
         B.cpp
         A.cpp
         Generating Code...
       Link:
         C:\Program Files (x86)\Microsoft Visual Studio 12.0\VC\bin\link.exe /ERRORREPORT:PROMPT /OUT:"C:\Users\matti\Documents\Visual Studio 2013\c++\KolokwiumCep\Debug\KolokwiumCep.exe" /INCREMENTAL /NOLOGO kernel32.lib user32.lib gdi32.lib winspool.lib comdlg32.lib advapi32.lib shell32.lib ole32.lib oleaut32.lib uuid.lib odbc32.lib odbccp32.lib /MANIFEST /MANIFESTUAC:"level='asInvoker' uiAccess='false'" /manifest:embed /DEBUG /PDB:"C:\Users\matti\Documents\Visual Studio 2013\c++\KolokwiumCep\Debug\KolokwiumCep.pdb" /TLBID:1 /DYNAMICBASE /NXCOMPAT /IMPLIB:"C:\Users\matti\Documents\Visual Studio 2013\c++\KolokwiumCep\Debug\KolokwiumCep.lib" /MACHINE:X86 /FORCE:MULTIPLE Debug\A.obj
         Debug\B.obj
         Debug\Samochod.obj
         Debug\Source.obj
     1>LINK : warning LNK4075: ignoring '/INCREMENTAL' due to '/FORCE' specification
     1>A.obj : warning LNK4075: ignoring '/EDITANDCONTINUE' due to '/OPT:LBR' specification
     1>Samochod.obj : error LNK2001: unresolved external symbol "private: static int Samochod::ilosc_obiektow" (?ilosc_obiektow@Samochod@@0HA)
     1>C:\Users\matti\Documents\Visual Studio 2013\c++\KolokwiumCep\Debug\KolokwiumCep.exe : fatal error LNK1120: 1 unresolved externals
     1>Done Building Project "C:\Users\matti\Documents\Visual Studio 2013\c++\KolokwiumCep\KolokwiumCep\KolokwiumCep.vcxproj" (Build target(s)) -- FAILED.

Build FAILED.

Time Elapsed 00:00:01.54
